<?xml version="1.0" encoding="UTF-8"?>
<testng-results skipped="0" failed="0" ignored="0" total="1" passed="1">
  <reporter-output>
  </reporter-output>
  <suite name="Default suite" duration-ms="8619" started-at="2019-04-23T02:40:34Z" finished-at="2019-04-23T02:40:43Z">
    <groups>
    </groups>
    <test name="Default test" duration-ms="8619" started-at="2019-04-23T02:40:34Z" finished-at="2019-04-23T02:40:43Z">
      <class name="com.tests.Registrationnn">
        <test-method status="PASS" signature="TestRegistration()[pri:0, instance:com.tests.Registrationnn@654f0d9c]" name="TestRegistration" duration-ms="8568" started-at="2019-04-23T02:40:34Z" finished-at="2019-04-23T02:40:43Z">
          <reporter-output>
          </reporter-output>
        </test-method> <!-- TestRegistration -->
      </class> <!-- com.tests.Registrationnn -->
    </test> <!-- Default test -->
  </suite> <!-- Default suite -->
</testng-results>
